<?xml version="1.0" encoding="UTF-8"?>
<testsuite xmlns:xsi="http://www.w3.org/2001/XMLSchema-instance" xsi:noNamespaceSchemaLocation="https://maven.apache.org/surefire/maven-surefire-plugin/xsd/surefire-test-report-3.0.xsd" version="3.0" name="de.homelabs.moonrat.authmanager.MrAuthServerApplicationTests" time="3.445" tests="1" errors="0" skipped="0" failures="0">
  <properties>
[...]
</properties>
  <testcase name="testClients" classname="de.homelabs.moonrat.authmanager.MrAuthServerApplicationTests" time="0.316">
    <system-out><![CDATA[09:30:03.917 [main] INFO org.springframework.test.context.support.AnnotationConfigContextLoaderUtils -- Could not detect default configuration classes for test class [de.homelabs.moonrat.authmanager.MrAuthServerApplicationTests]: MrAuthServerApplicationTests does not declare any static, non-private, non-final, nested classes annotated with @Configuration.
09:30:03.962 [main] INFO org.springframework.boot.test.context.SpringBootTestContextBootstrapper -- Found @SpringBootConfiguration de.homelabs.moonrat.authmanager.MrAuthManagerApplication for test class de.homelabs.moonrat.authmanager.MrAuthServerApplicationTests

  .   ____          _            __ _ _
 /\\ / ___'_ __ _ _(_)_ __  __ _ \ \ \ \
( ( )\___ | '_ | '_| | '_ \/ _` | \ \ \ \
 \\/  ___)| |_)| | | | | || (_| |  ) ) ) )
  '  |____| .__|_| |_|_| |_\__, | / / / /
 =========|_|==============|___/=/_/_/_/

 :: Spring Boot ::                (v3.3.1)

2024-06-24T09:30:04.188+02:00  INFO 4402 --- [mr-auth-manager] [           main] d.h.m.a.MrAuthServerApplicationTests     : Starting MrAuthServerApplicationTests using Java 22 with PID 4402 (started by sm1rk in /home/sm1rk/projekte/moonrat/mr-auth-manager)
2024-06-24T09:30:04.189+02:00 DEBUG 4402 --- [mr-auth-manager] [           main] d.h.m.a.MrAuthServerApplicationTests     : Running with Spring Boot v3.3.1, Spring v6.1.10
2024-06-24T09:30:04.189+02:00  INFO 4402 --- [mr-auth-manager] [           main] d.h.m.a.MrAuthServerApplicationTests     : No active profile set, falling back to 1 default profile: "default"
2024-06-24T09:30:04.679+02:00  INFO 4402 --- [mr-auth-manager] [           main] .s.d.r.c.RepositoryConfigurationDelegate : Bootstrapping Spring Data JPA repositories in DEFAULT mode.
2024-06-24T09:30:04.706+02:00  INFO 4402 --- [mr-auth-manager] [           main] .s.d.r.c.RepositoryConfigurationDelegate : Finished Spring Data repository scanning in 24 ms. Found 2 JPA repository interfaces.
2024-06-24T09:30:05.150+02:00  INFO 4402 --- [mr-auth-manager] [           main] com.zaxxer.hikari.HikariDataSource       : HikariPool-1 - Starting...
2024-06-24T09:30:05.352+02:00  INFO 4402 --- [mr-auth-manager] [           main] com.zaxxer.hikari.pool.HikariPool        : HikariPool-1 - Added connection org.postgresql.jdbc.PgConnection@4af7dd6a
2024-06-24T09:30:05.353+02:00  INFO 4402 --- [mr-auth-manager] [           main] com.zaxxer.hikari.HikariDataSource       : HikariPool-1 - Start completed.
2024-06-24T09:30:05.375+02:00  INFO 4402 --- [mr-auth-manager] [           main] o.hibernate.jpa.internal.util.LogHelper  : HHH000204: Processing PersistenceUnitInfo [name: default]
2024-06-24T09:30:05.398+02:00  INFO 4402 --- [mr-auth-manager] [           main] org.hibernate.Version                    : HHH000412: Hibernate ORM core version 6.5.2.Final
2024-06-24T09:30:05.413+02:00  INFO 4402 --- [mr-auth-manager] [           main] o.h.c.internal.RegionFactoryInitiator    : HHH000026: Second-level cache disabled
2024-06-24T09:30:05.552+02:00  INFO 4402 --- [mr-auth-manager] [           main] o.s.o.j.p.SpringPersistenceUnitInfo      : No LoadTimeWeaver setup: ignoring JPA class transformer
2024-06-24T09:30:06.064+02:00  INFO 4402 --- [mr-auth-manager] [           main] o.h.e.t.j.p.i.JtaPlatformInitiator       : HHH000489: No JTA platform available (set 'hibernate.transaction.jta.platform' to enable JTA platform integration)
2024-06-24T09:30:06.065+02:00  INFO 4402 --- [mr-auth-manager] [           main] j.LocalContainerEntityManagerFactoryBean : Initialized JPA EntityManagerFactory for persistence unit 'default'
2024-06-24T09:30:06.326+02:00  INFO 4402 --- [mr-auth-manager] [           main] m.a.s.MrAuthManagerClientKeyCacheManager : reloading cache, 0 entries found
2024-06-24T09:30:06.374+02:00  WARN 4402 --- [mr-auth-manager] [           main] JpaBaseConfiguration$JpaWebConfiguration : spring.jpa.open-in-view is enabled by default. Therefore, database queries may be performed during view rendering. Explicitly configure spring.jpa.open-in-view to disable this warning
2024-06-24T09:30:06.627+02:00  INFO 4402 --- [mr-auth-manager] [           main] o.s.b.a.e.web.EndpointLinksResolver      : Exposing 1 endpoint beneath base path '/actuator'
2024-06-24T09:30:06.918+02:00  INFO 4402 --- [mr-auth-manager] [           main] d.h.m.a.MrAuthServerApplicationTests     : Started MrAuthServerApplicationTests in 2.881 seconds (process running for 3.327)
2024-06-24T09:30:07.248+02:00  INFO 4402 --- [mr-auth-manager] [           main] d.h.m.a.MrAuthServerApplicationTests     : testclients!
]]></system-out>
    <system-err><![CDATA[WARNING: A Java agent has been loaded dynamically (/home/sm1rk/.m2/repository/net/bytebuddy/byte-buddy-agent/1.14.17/byte-buddy-agent-1.14.17.jar)
WARNING: If a serviceability tool is in use, please run with -XX:+EnableDynamicAgentLoading to hide this warning
WARNING: If a serviceability tool is not in use, please run with -Djdk.instrument.traceUsage for more information
WARNING: Dynamic loading of agents will be disallowed by default in a future release
]]></system-err>
  </testcase>
</testsuite>